<html xmlns:string="xalan://java.lang.String" xmlns:lxslt="http://xml.apache.org/xslt">
<head>
<META http-equiv="Content-Type" content="text/html; charset=UTF-8">
<title>Unit Test Results: All Errors</title>
<link rel="stylesheet" type="text/css" title="Style" href="stylesheet.css">
</head>
<body onload="open('allclasses-frame.html','classListFrame')">
<h1>Unit Test Results.</h1>
<table width="100%">
<tr>
<td align="left"></td><td align="right">Designed for use with <a href="http://www.junit.org/">JUnit</a> and <a href="http://ant.apache.org/">Ant</a>.</td>
</tr>
</table>
<hr size="1">
<h2>All Errors</h2>
<table class="details" border="0" cellpadding="5" cellspacing="2" width="95%">
<tr valign="top">
<th>Class</th><th>Name</th><th>Status</th><th width="80%">Type</th><th nowrap>Time(s)</th>
</tr>
<tr valign="top" class="Error">
<td><a href="com/tutk/kalay/doorphone/0_ForgotPassword_Junit.html">ForgotPassword_Junit</a></td><td><a name="EmailBlank"></a><a href="com/tutk/kalay/doorphone/0_ForgotPassword_Junit.html#EmailBlank">EmailBlank</a></td><td>Error</td><td>org.openqa.selenium.NoSuchElementException: An element could not be located on the page using the given search parameters
For documentation on this error, please visit: http://seleniumhq.org/exceptions/no_such_element.html
Build info: version: '2.53.1', revision: 'a36b8b1cd5757287168e54b817830adce9b0158d', time: '2016-06-30 19:26:09'
System info: host: 'YIL-Jhih-Chen', ip: '192.168.11.4', os.name: 'Windows 10', os.arch: 'amd64', os.version: '10.0', java.version: '1.8.0_111'
Driver info: driver.version: SeeTestAndroidDriver<br>
<br>
<code>org.openqa.selenium.NoSuchElementException: org.openqa.selenium.NoSuchElementException: An element could not be located on the page using the given search parameters<br>For documentation on this error, please visit: http://seleniumhq.org/exceptions/no_such_elementt.html<br>Build info: version: '2.53.1', revision: 'a36b8b1cd5757287168e54b817830adce9b0158d', time: '2016-06-30 19:26:09'<br>System info: host: 'YIL-Jhih-Chen', ip: '192.168.11.4', os.name: 'Windows 10', os.arch: 'amd64', os.version: '10.0', java.version: '1.8.0_111'<br>Driver info: driver.version: SeeTestAndroidDriver<br>	at com.experitest.appium.STExceptions.throwNoSuchElementException(STExceptions.java:8)<br>	at com.experitest.appiium.SeeTestAndroidElement.findElementBy(SeeTestAndroidElement.java:36)<br>	at com.experitest.appium.SeeTestAndroidDriver.findElemeentBy(SeeTestAndroidDriver.java:82)<br>	at com.experitest.appium.SeeTestAndroidDriver.findElementByXPath(SeeTestAndroidDriver.java:582)<br>	at org.openqa.selenium..By$ByXPath.findElement(By.java:361)<br>	at org.openqa.selenium.remote.RemoteWebDriver.finndElement(RemoteWebDriver.java:355)<br>	at io.appium.java_client.DefaultGenericMobileDriver.findElement(DefaultGenericMobileDDriver.java:52)<br>	at io.appium.java_client.AppiumDriver.findElement(AppiumDriver.java:1)<br>	at io.appium.java_client.android.AndroidDriver.findElement(AndroidDriver.java:1)<br>	at com.experitest.appium.SeeTestAndroidDriver.findElement(SeeTestAndroidDriver.java:804)<br>	at com..tutk.kalay.doorphone.ForgotPassword_TestCase.EmailBlank(ForgotPassword_TestCase.java:15)<br>	at com.tutk.kalay.doorphone.ForgotPassword_Junit.EmailBlank(ForgotPassword_Junit.java:12)<br>
</code></td><td>22.733</td>
</tr>
<tr valign="top" class="Error">
<td><a href="com/tutk/kalay/doorphone/0_ForgotPassword_Junit.html">ForgotPassword_Junit</a></td><td><a name="InvalidEmail"></a><a href="com/tutk/kalay/doorphone/0_ForgotPassword_Junit.html#InvalidEmail">InvalidEmail</a></td><td>Error</td><td>org.openqa.selenium.NoSuchElementException: An element could not be located on the page using the given search parameters
For documentation on this error, please visit: http://seleniumhq.org/exceptions/no_such_element.html
Build info: version: '2.53.1', revision: 'a36b8b1cd5757287168e54b817830adce9b0158d', time: '2016-06-30 19:26:09'
System info: host: 'YIL-Jhih-Chen', ip: '192.168.11.4', os.name: 'Windows 10', os.arch: 'amd64', os.version: '10.0', java.version: '1.8.0_111'
Driver info: driver.version: SeeTestAndroidDriver<br>
<br>
<code>org.openqa.selenium.NoSuchElementException: org.openqa.selenium.NoSuchElementException: An element could not be located on the page using the given search parameters<br>For documentation on this error, please visit: http://seleniumhq.org/exceptions/no_such_elementt.html<br>Build info: version: '2.53.1', revision: 'a36b8b1cd5757287168e54b817830adce9b0158d', time: '2016-06-30 19:26:09'<br>System info: host: 'YIL-Jhih-Chen', ip: '192.168.11.4', os.name: 'Windows 10', os.arch: 'amd64', os.version: '10.0', java.version: '1.8.0_111'<br>Driver info: driver.version: SeeTestAndroidDriver<br>	at com.experitest.appium.STExceptions.throwNoSuchElementException(STExceptions.java:8)<br>	at com.experitest.appiium.SeeTestAndroidElement.findElementBy(SeeTestAndroidElement.java:36)<br>	at com.experitest.appium.SeeTestAndroidDriver.findElementtBy(SeeTestAndroidDriver.java:82)<br>	at com.experitest.appium.SeeTestAndroidDriver.findElementByXPath(SeeTestAndroidDriver.java:582)<br>	at org.openqa.selenium..By$ByXPath.findElement(By.java:361)<br>	at org.openqa.selenium.remote.RemoteWebDriver.finndElement(RemoteWebDriver.java:355)<br>	at io.appium.java_client.DefaultGenericMobileDriver.findElement(DefaultGenericMobileDDriver.java:52)<br>	at io.appium.java_client.AppiumDriver.findElement(AppiumDriver.java:1)<br>	at io.appium.java_client.android.AndroidDriver.findElement(AndroidDriver.java:1)<br>	at com.experitest.appium.SeeTestAndroidDriver.findElement(SeeTestAndroidDriver.java:804)<br>	at com.tuutk.kalay.doorphone.ForgotPassword_TestCase.InvalidEmail(ForgotPassword_TestCase.java:30)<br>	at com.tutk.kalay.doorphone.ForgotPassword_Junit.InvalidEmail(ForgotPassword_Junit.java:16)<br>
</code></td><td>20.962</td>
</tr>
</table>
</body>
</html>
